<?xml version="1.0" encoding="UTF-8"?>
<testng-results skipped="0" failed="0" ignored="0" total="1" passed="1">
  <reporter-output>
  </reporter-output>
  <suite name="Default suite" duration-ms="4218" started-at="2022-02-15T14:12:17 IST" finished-at="2022-02-15T14:12:21 IST">
    <groups>
    </groups>
    <test name="Default test" duration-ms="4218" started-at="2022-02-15T14:12:17 IST" finished-at="2022-02-15T14:12:21 IST">
      <class name="com.test.LoginTestClass">
        <test-method status="PASS" signature="setup()[pri:0, instance:com.test.LoginTestClass@569cfc36]" name="setup" is-config="true" duration-ms="11822" started-at="2022-02-15T14:12:05 IST" finished-at="2022-02-15T14:12:17 IST">
          <reporter-output>
          </reporter-output>
        </test-method> <!-- setup -->
        <test-method status="PASS" signature="verifyLogin()[pri:0, instance:com.test.LoginTestClass@569cfc36]" name="verifyLogin" duration-ms="4166" started-at="2022-02-15T14:12:17 IST" finished-at="2022-02-15T14:12:21 IST">
          <reporter-output>
          </reporter-output>
        </test-method> <!-- verifyLogin -->
        <test-method status="PASS" signature="tearDown()[pri:0, instance:com.test.LoginTestClass@569cfc36]" name="tearDown" is-config="true" duration-ms="188" started-at="2022-02-15T14:12:22 IST" finished-at="2022-02-15T14:12:22 IST">
          <reporter-output>
          </reporter-output>
        </test-method> <!-- tearDown -->
      </class> <!-- com.test.LoginTestClass -->
    </test> <!-- Default test -->
  </suite> <!-- Default suite -->
</testng-results>
